p/100.png 1 0 0 180 180
p/99.png 1 0 0 180 180
p/98.png 1 0 0 180 180
p/97.png 1 0 0 180 180
p/96.png 1 0 0 180 180
p/95.png 1 0 0 180 180
p/94.png 1 0 0 180 180
p/93.png 1 0 0 180 180
p/92.png 1 0 0 180 180
p/91.png 1 0 0 180 180
p/90.png 1 0 0 180 180
p/89.png 1 0 0 180 180
p/88.png 1 0 0 180 180
p/87.png 1 0 0 180 180
p/86.png 1 0 0 180 180
p/71.png 1 0 0 180 180
p/70.png 1 0 0 180 180
p/69.png 1 0 0 180 180
p/68.png 1 0 0 180 180
p/67.png 1 0 0 180 180
p/66.png 1 0 0 180 180
p/65.png 1 0 0 180 180
p/64.png 1 0 0 180 180
p/63.png 1 0 0 180 180
p/62.png 1 0 0 180 180
p/61.png 1 0 0 180 180
p/60.png 1 0 0 180 180
p/59.png 1 0 0 180 180
p/58.png 1 0 0 180 180
p/57.png 1 0 0 180 180
p/56.png 1 0 0 180 180
p/55.png 1 0 0 180 180
p/54.png 1 0 0 180 180
p/53.png 1 0 0 180 180
p/52.png 1 0 0 180 180
p/51.png 1 0 0 180 180
p/50.png 1 0 0 180 180
p/49.png 1 0 0 180 180
p/48.png 1 0 0 180 180
p/47.png 1 0 0 180 180
p/46.png 1 0 0 180 180
p/45.png 1 0 0 180 180
p/44.png 1 0 0 180 180
p/43.png 1 0 0 180 180
p/42.png 1 0 0 180 180
p/41.png 1 0 0 180 180
p/40.png 1 0 0 180 180
p/39.png 1 0 0 180 180
p/38.png 1 0 0 180 180
p/37.png 1 0 0 180 180
p/36.png 1 0 0 180 180
p/35.png 1 0 0 180 180
p/34.png 1 0 0 180 180
p/33.png 1 0 0 180 180
p/32.png 1 0 0 180 180
p/31.png 1 0 0 180 180
p/30.png 1 0 0 180 180
p/29.png 1 0 0 180 180
p/28.png 1 0 0 180 180
p/27.png 1 0 0 180 180
p/26.png 1 0 0 180 180
p/25.png 1 0 0 180 180
p/24.png 1 0 0 180 180
p/23.png 1 0 0 180 180
p/22.png 1 0 0 180 180
p/21.png 1 0 0 180 180
p/20.png 1 0 0 180 180
p/19.png 1 0 0 180 180
p/18.png 1 0 0 180 180
p/17.png 1 0 0 180 180
p/16.png 1 0 0 180 180
p/15.png 1 0 0 180 180
p/14.png 1 0 0 180 180
p/13.png 1 0 0 180 180
p/12.png 1 0 0 180 180
p/11.png 1 0 0 180 180
p/10.png 1 0 0 180 180
p/9.png 1 0 0 180 180
p/8.png 1 0 0 180 180
p/7.png 1 0 0 180 180
p/6.png 1 0 0 180 180
p/5.png 1 0 0 180 180
p/4.png 1 0 0 180 180
p/3.png 1 0 0 180 180
p/2.png 1 0 0 180 180
p/1.png 1 0 0 180 180
p/0.png 1 0 0 180 180